{"/home/alexpan5/tmp/Flashcard-Project/scripts/deck.js": {"path":"/home/alexpan5/tmp/Flashcard-Project/scripts/deck.js","statementMap":{"0":{"start":{"line":8,"column":20},"end":{"line":34,"column":1}},"1":{"start":{"line":13,"column":4},"end":{"line":15,"column":5}},"2":{"start":{"line":14,"column":8},"end":{"line":14,"column":20}},"3":{"start":{"line":16,"column":4},"end":{"line":18,"column":5}},"4":{"start":{"line":17,"column":8},"end":{"line":17,"column":20}},"5":{"start":{"line":19,"column":4},"end":{"line":21,"column":5}},"6":{"start":{"line":20,"column":8},"end":{"line":20,"column":20}},"7":{"start":{"line":22,"column":4},"end":{"line":24,"column":5}},"8":{"start":{"line":23,"column":8},"end":{"line":23,"column":20}},"9":{"start":{"line":25,"column":4},"end":{"line":27,"column":5}},"10":{"start":{"line":26,"column":8},"end":{"line":26,"column":20}},"11":{"start":{"line":29,"column":4},"end":{"line":33,"column":6}},"12":{"start":{"line":41,"column":20},"end":{"line":160,"column":1}},"13":{"start":{"line":42,"column":4},"end":{"line":42,"column":54}},"14":{"start":{"line":42,"column":40},"end":{"line":42,"column":52}},"15":{"start":{"line":43,"column":4},"end":{"line":43,"column":71}},"16":{"start":{"line":43,"column":57},"end":{"line":43,"column":69}},"17":{"start":{"line":45,"column":4},"end":{"line":159,"column":5}},"18":{"start":{"line":56,"column":12},"end":{"line":65,"column":13}},"19":{"start":{"line":63,"column":16},"end":{"line":63,"column":47}},"20":{"start":{"line":64,"column":16},"end":{"line":64,"column":29}},"21":{"start":{"line":67,"column":12},"end":{"line":67,"column":34}},"22":{"start":{"line":68,"column":12},"end":{"line":68,"column":24}},"23":{"start":{"line":79,"column":12},"end":{"line":81,"column":13}},"24":{"start":{"line":80,"column":16},"end":{"line":80,"column":28}},"25":{"start":{"line":83,"column":12},"end":{"line":85,"column":13}},"26":{"start":{"line":84,"column":16},"end":{"line":84,"column":28}},"27":{"start":{"line":87,"column":12},"end":{"line":87,"column":37}},"28":{"start":{"line":98,"column":12},"end":{"line":100,"column":13}},"29":{"start":{"line":99,"column":16},"end":{"line":99,"column":28}},"30":{"start":{"line":102,"column":12},"end":{"line":104,"column":13}},"31":{"start":{"line":103,"column":16},"end":{"line":103,"column":28}},"32":{"start":{"line":106,"column":12},"end":{"line":106,"column":47}},"33":{"start":{"line":117,"column":12},"end":{"line":120,"column":13}},"34":{"start":{"line":118,"column":16},"end":{"line":118,"column":63}},"35":{"start":{"line":119,"column":16},"end":{"line":119,"column":29}},"36":{"start":{"line":122,"column":12},"end":{"line":131,"column":13}},"37":{"start":{"line":129,"column":16},"end":{"line":129,"column":107}},"38":{"start":{"line":130,"column":16},"end":{"line":130,"column":29}},"39":{"start":{"line":134,"column":12},"end":{"line":141,"column":13}},"40":{"start":{"line":139,"column":16},"end":{"line":139,"column":67}},"41":{"start":{"line":140,"column":16},"end":{"line":140,"column":29}},"42":{"start":{"line":142,"column":12},"end":{"line":149,"column":13}},"43":{"start":{"line":147,"column":16},"end":{"line":147,"column":66}},"44":{"start":{"line":148,"column":16},"end":{"line":148,"column":29}},"45":{"start":{"line":150,"column":12},"end":{"line":153,"column":13}},"46":{"start":{"line":151,"column":16},"end":{"line":151,"column":62}},"47":{"start":{"line":152,"column":16},"end":{"line":152,"column":29}},"48":{"start":{"line":156,"column":12},"end":{"line":156,"column":40}},"49":{"start":{"line":157,"column":12},"end":{"line":157,"column":24}},"50":{"start":{"line":168,"column":4},"end":{"line":171,"column":5}},"51":{"start":{"line":169,"column":8},"end":{"line":169,"column":55}},"52":{"start":{"line":170,"column":8},"end":{"line":170,"column":21}},"53":{"start":{"line":172,"column":4},"end":{"line":178,"column":5}},"54":{"start":{"line":172,"column":17},"end":{"line":172,"column":32}},"55":{"start":{"line":173,"column":18},"end":{"line":173,"column":53}},"56":{"start":{"line":175,"column":21},"end":{"line":175,"column":28}},"57":{"start":{"line":176,"column":8},"end":{"line":176,"column":26}},"58":{"start":{"line":177,"column":8},"end":{"line":177,"column":23}},"59":{"start":{"line":179,"column":4},"end":{"line":179,"column":16}}},"fnMap":{"0":{"name":"createCard","decl":{"start":{"line":8,"column":29},"end":{"line":8,"column":39}},"loc":{"start":{"line":8,"column":67},"end":{"line":34,"column":1}},"line":8},"1":{"name":"createDeck","decl":{"start":{"line":41,"column":29},"end":{"line":41,"column":39}},"loc":{"start":{"line":41,"column":50},"end":{"line":160,"column":1}},"line":41},"2":{"name":"(anonymous_2)","decl":{"start":{"line":54,"column":8},"end":{"line":54,"column":9}},"loc":{"start":{"line":54,"column":22},"end":{"line":69,"column":9}},"line":54},"3":{"name":"(anonymous_3)","decl":{"start":{"line":76,"column":8},"end":{"line":76,"column":9}},"loc":{"start":{"line":76,"column":24},"end":{"line":88,"column":9}},"line":76},"4":{"name":"(anonymous_4)","decl":{"start":{"line":95,"column":8},"end":{"line":95,"column":9}},"loc":{"start":{"line":95,"column":26},"end":{"line":107,"column":9}},"line":95},"5":{"name":"(anonymous_5)","decl":{"start":{"line":115,"column":8},"end":{"line":115,"column":9}},"loc":{"start":{"line":115,"column":35},"end":{"line":158,"column":9}},"line":115},"6":{"name":"shuffleCards","decl":{"start":{"line":167,"column":16},"end":{"line":167,"column":28}},"loc":{"start":{"line":167,"column":35},"end":{"line":180,"column":1}},"line":167}},"branchMap":{"0":{"loc":{"start":{"line":13,"column":4},"end":{"line":15,"column":5}},"type":"if","locations":[{"start":{"line":13,"column":4},"end":{"line":15,"column":5}},{"start":{},"end":{}}],"line":13},"1":{"loc":{"start":{"line":13,"column":8},"end":{"line":13,"column":69}},"type":"binary-expr","locations":[{"start":{"line":13,"column":8},"end":{"line":13,"column":37}},{"start":{"line":13,"column":41},"end":{"line":13,"column":69}}],"line":13},"2":{"loc":{"start":{"line":16,"column":4},"end":{"line":18,"column":5}},"type":"if","locations":[{"start":{"line":16,"column":4},"end":{"line":18,"column":5}},{"start":{},"end":{}}],"line":16},"3":{"loc":{"start":{"line":16,"column":8},"end":{"line":16,"column":55}},"type":"binary-expr","locations":[{"start":{"line":16,"column":8},"end":{"line":16,"column":30}},{"start":{"line":16,"column":34},"end":{"line":16,"column":55}}],"line":16},"4":{"loc":{"start":{"line":19,"column":4},"end":{"line":21,"column":5}},"type":"if","locations":[{"start":{"line":19,"column":4},"end":{"line":21,"column":5}},{"start":{},"end":{}}],"line":19},"5":{"loc":{"start":{"line":19,"column":8},"end":{"line":19,"column":54}},"type":"binary-expr","locations":[{"start":{"line":19,"column":8},"end":{"line":19,"column":29}},{"start":{"line":19,"column":33},"end":{"line":19,"column":54}}],"line":19},"6":{"loc":{"start":{"line":22,"column":4},"end":{"line":24,"column":5}},"type":"if","locations":[{"start":{"line":22,"column":4},"end":{"line":24,"column":5}},{"start":{},"end":{}}],"line":22},"7":{"loc":{"start":{"line":22,"column":8},"end":{"line":22,"column":47}},"type":"binary-expr","locations":[{"start":{"line":22,"column":8},"end":{"line":22,"column":32}},{"start":{"line":22,"column":36},"end":{"line":22,"column":47}}],"line":22},"8":{"loc":{"start":{"line":25,"column":4},"end":{"line":27,"column":5}},"type":"if","locations":[{"start":{"line":25,"column":4},"end":{"line":27,"column":5}},{"start":{},"end":{}}],"line":25},"9":{"loc":{"start":{"line":25,"column":8},"end":{"line":25,"column":29}},"type":"binary-expr","locations":[{"start":{"line":25,"column":8},"end":{"line":25,"column":16}},{"start":{"line":25,"column":20},"end":{"line":25,"column":29}}],"line":25},"10":{"loc":{"start":{"line":42,"column":4},"end":{"line":42,"column":54}},"type":"if","locations":[{"start":{"line":42,"column":4},"end":{"line":42,"column":54}},{"start":{},"end":{}}],"line":42},"11":{"loc":{"start":{"line":43,"column":4},"end":{"line":43,"column":71}},"type":"if","locations":[{"start":{"line":43,"column":4},"end":{"line":43,"column":71}},{"start":{},"end":{}}],"line":43},"12":{"loc":{"start":{"line":43,"column":8},"end":{"line":43,"column":53}},"type":"binary-expr","locations":[{"start":{"line":43,"column":8},"end":{"line":43,"column":29}},{"start":{"line":43,"column":33},"end":{"line":43,"column":53}}],"line":43},"13":{"loc":{"start":{"line":56,"column":12},"end":{"line":65,"column":13}},"type":"if","locations":[{"start":{"line":56,"column":12},"end":{"line":65,"column":13}},{"start":{},"end":{}}],"line":56},"14":{"loc":{"start":{"line":57,"column":16},"end":{"line":61,"column":47}},"type":"binary-expr","locations":[{"start":{"line":57,"column":16},"end":{"line":57,"column":40}},{"start":{"line":59,"column":19},"end":{"line":59,"column":52}},{"start":{"line":60,"column":19},"end":{"line":60,"column":51}},{"start":{"line":61,"column":19},"end":{"line":61,"column":47}}],"line":57},"15":{"loc":{"start":{"line":79,"column":12},"end":{"line":81,"column":13}},"type":"if","locations":[{"start":{"line":79,"column":12},"end":{"line":81,"column":13}},{"start":{},"end":{}}],"line":79},"16":{"loc":{"start":{"line":83,"column":12},"end":{"line":85,"column":13}},"type":"if","locations":[{"start":{"line":83,"column":12},"end":{"line":85,"column":13}},{"start":{},"end":{}}],"line":83},"17":{"loc":{"start":{"line":83,"column":16},"end":{"line":83,"column":55}},"type":"binary-expr","locations":[{"start":{"line":83,"column":16},"end":{"line":83,"column":42}},{"start":{"line":83,"column":46},"end":{"line":83,"column":55}}],"line":83},"18":{"loc":{"start":{"line":98,"column":12},"end":{"line":100,"column":13}},"type":"if","locations":[{"start":{"line":98,"column":12},"end":{"line":100,"column":13}},{"start":{},"end":{}}],"line":98},"19":{"loc":{"start":{"line":102,"column":12},"end":{"line":104,"column":13}},"type":"if","locations":[{"start":{"line":102,"column":12},"end":{"line":104,"column":13}},{"start":{},"end":{}}],"line":102},"20":{"loc":{"start":{"line":102,"column":16},"end":{"line":102,"column":55}},"type":"binary-expr","locations":[{"start":{"line":102,"column":16},"end":{"line":102,"column":42}},{"start":{"line":102,"column":46},"end":{"line":102,"column":55}}],"line":102},"21":{"loc":{"start":{"line":117,"column":12},"end":{"line":120,"column":13}},"type":"if","locations":[{"start":{"line":117,"column":12},"end":{"line":120,"column":13}},{"start":{},"end":{}}],"line":117},"22":{"loc":{"start":{"line":117,"column":16},"end":{"line":117,"column":55}},"type":"binary-expr","locations":[{"start":{"line":117,"column":16},"end":{"line":117,"column":25}},{"start":{"line":117,"column":29},"end":{"line":117,"column":55}}],"line":117},"23":{"loc":{"start":{"line":122,"column":12},"end":{"line":131,"column":13}},"type":"if","locations":[{"start":{"line":122,"column":12},"end":{"line":131,"column":13}},{"start":{},"end":{}}],"line":122},"24":{"loc":{"start":{"line":123,"column":16},"end":{"line":127,"column":47}},"type":"binary-expr","locations":[{"start":{"line":123,"column":16},"end":{"line":123,"column":43}},{"start":{"line":125,"column":16},"end":{"line":125,"column":52}},{"start":{"line":126,"column":16},"end":{"line":126,"column":51}},{"start":{"line":127,"column":16},"end":{"line":127,"column":47}}],"line":123},"25":{"loc":{"start":{"line":134,"column":12},"end":{"line":141,"column":13}},"type":"if","locations":[{"start":{"line":134,"column":12},"end":{"line":141,"column":13}},{"start":{},"end":{}}],"line":134},"26":{"loc":{"start":{"line":135,"column":16},"end":{"line":137,"column":45}},"type":"binary-expr","locations":[{"start":{"line":135,"column":16},"end":{"line":135,"column":53}},{"start":{"line":136,"column":16},"end":{"line":136,"column":46}},{"start":{"line":137,"column":16},"end":{"line":137,"column":45}}],"line":135},"27":{"loc":{"start":{"line":142,"column":12},"end":{"line":149,"column":13}},"type":"if","locations":[{"start":{"line":142,"column":12},"end":{"line":149,"column":13}},{"start":{},"end":{}}],"line":142},"28":{"loc":{"start":{"line":143,"column":16},"end":{"line":145,"column":45}},"type":"binary-expr","locations":[{"start":{"line":143,"column":16},"end":{"line":143,"column":52}},{"start":{"line":144,"column":16},"end":{"line":144,"column":45}},{"start":{"line":145,"column":16},"end":{"line":145,"column":45}}],"line":143},"29":{"loc":{"start":{"line":150,"column":12},"end":{"line":153,"column":13}},"type":"if","locations":[{"start":{"line":150,"column":12},"end":{"line":153,"column":13}},{"start":{},"end":{}}],"line":150},"30":{"loc":{"start":{"line":150,"column":16},"end":{"line":150,"column":89}},"type":"binary-expr","locations":[{"start":{"line":150,"column":16},"end":{"line":150,"column":48}},{"start":{"line":150,"column":52},"end":{"line":150,"column":68}},{"start":{"line":150,"column":72},"end":{"line":150,"column":89}}],"line":150},"31":{"loc":{"start":{"line":168,"column":4},"end":{"line":171,"column":5}},"type":"if","locations":[{"start":{"line":168,"column":4},"end":{"line":171,"column":5}},{"start":{},"end":{}}],"line":168}},"s":{"0":1,"1":2,"2":0,"3":2,"4":1,"5":1,"6":0,"7":1,"8":0,"9":1,"10":0,"11":1,"12":1,"13":0,"14":0,"15":0,"16":0,"17":0,"18":0,"19":0,"20":0,"21":0,"22":0,"23":0,"24":0,"25":0,"26":0,"27":0,"28":0,"29":0,"30":0,"31":0,"32":0,"33":0,"34":0,"35":0,"36":0,"37":0,"38":0,"39":0,"40":0,"41":0,"42":0,"43":0,"44":0,"45":0,"46":0,"47":0,"48":0,"49":0,"50":0,"51":0,"52":0,"53":0,"54":0,"55":0,"56":0,"57":0,"58":0,"59":0},"f":{"0":2,"1":0,"2":0,"3":0,"4":0,"5":0,"6":0},"b":{"0":[0,2],"1":[2,2],"2":[1,1],"3":[2,1],"4":[0,1],"5":[1,1],"6":[0,1],"7":[1,1],"8":[0,1],"9":[1,1],"10":[0,0],"11":[0,0],"12":[0,0],"13":[0,0],"14":[0,0,0,0],"15":[0,0],"16":[0,0],"17":[0,0],"18":[0,0],"19":[0,0],"20":[0,0],"21":[0,0],"22":[0,0],"23":[0,0],"24":[0,0,0,0],"25":[0,0],"26":[0,0,0],"27":[0,0],"28":[0,0,0],"29":[0,0],"30":[0,0,0],"31":[0,0]},"inputSourceMap":null,"_coverageSchema":"1a1c01bbd47fc00a2c39e90264f33305004495a9","hash":"bef00f024ec4dabd1efa868a7fc5decfeb1ca2b7"}
,"/home/alexpan5/tmp/Flashcard-Project/scripts/index.js": {"path":"/home/alexpan5/tmp/Flashcard-Project/scripts/index.js","statementMap":{"0":{"start":{"line":6,"column":0},"end":{"line":6,"column":50}},"1":{"start":{"line":9,"column":25},"end":{"line":9,"column":64}},"2":{"start":{"line":10,"column":4},"end":{"line":10,"column":15}},"3":{"start":{"line":16,"column":8},"end":{"line":16,"column":39}},"4":{"start":{"line":17,"column":27},"end":{"line":17,"column":64}},"5":{"start":{"line":18,"column":8},"end":{"line":18,"column":45}},"6":{"start":{"line":21,"column":27},"end":{"line":21,"column":65}},"7":{"start":{"line":22,"column":30},"end":{"line":22,"column":71}},"8":{"start":{"line":25,"column":8},"end":{"line":25,"column":59}},"9":{"start":{"line":26,"column":8},"end":{"line":26,"column":64}},"10":{"start":{"line":32,"column":12},"end":{"line":32,"column":26}},"11":{"start":{"line":33,"column":12},"end":{"line":33,"column":25}},"12":{"start":{"line":40,"column":12},"end":{"line":40,"column":26}},"13":{"start":{"line":41,"column":12},"end":{"line":41,"column":27}},"14":{"start":{"line":48,"column":12},"end":{"line":48,"column":66}},"15":{"start":{"line":49,"column":12},"end":{"line":49,"column":71}},"16":{"start":{"line":58,"column":8},"end":{"line":58,"column":39}},"17":{"start":{"line":59,"column":29},"end":{"line":59,"column":68}},"18":{"start":{"line":60,"column":8},"end":{"line":60,"column":47}},"19":{"start":{"line":63,"column":24},"end":{"line":63,"column":44}},"20":{"start":{"line":66,"column":24},"end":{"line":66,"column":66}},"21":{"start":{"line":69,"column":25},"end":{"line":69,"column":70}},"22":{"start":{"line":70,"column":22},"end":{"line":70,"column":69}},"23":{"start":{"line":71,"column":21},"end":{"line":71,"column":67}},"24":{"start":{"line":72,"column":21},"end":{"line":72,"column":60}},"25":{"start":{"line":73,"column":25},"end":{"line":73,"column":61}},"26":{"start":{"line":76,"column":27},"end":{"line":76,"column":69}},"27":{"start":{"line":77,"column":27},"end":{"line":77,"column":70}},"28":{"start":{"line":81,"column":8},"end":{"line":81,"column":58}},"29":{"start":{"line":82,"column":8},"end":{"line":82,"column":60}},"30":{"start":{"line":83,"column":8},"end":{"line":83,"column":54}},"31":{"start":{"line":90,"column":12},"end":{"line":90,"column":26}},"32":{"start":{"line":91,"column":12},"end":{"line":91,"column":23}},"33":{"start":{"line":99,"column":12},"end":{"line":99,"column":35}},"34":{"start":{"line":100,"column":30},"end":{"line":100,"column":41}},"35":{"start":{"line":101,"column":29},"end":{"line":101,"column":39}},"36":{"start":{"line":102,"column":28},"end":{"line":102,"column":46}},"37":{"start":{"line":105,"column":28},"end":{"line":105,"column":62}},"38":{"start":{"line":107,"column":12},"end":{"line":119,"column":13}},"39":{"start":{"line":108,"column":30},"end":{"line":108,"column":54}},"40":{"start":{"line":110,"column":16},"end":{"line":118,"column":17}},"41":{"start":{"line":111,"column":39},"end":{"line":111,"column":77}},"42":{"start":{"line":112,"column":20},"end":{"line":112,"column":74}},"43":{"start":{"line":113,"column":20},"end":{"line":113,"column":72}},"44":{"start":{"line":114,"column":20},"end":{"line":114,"column":53}},"45":{"start":{"line":115,"column":20},"end":{"line":115,"column":37}},"46":{"start":{"line":116,"column":20},"end":{"line":116,"column":36}},"47":{"start":{"line":117,"column":20},"end":{"line":117,"column":36}},"48":{"start":{"line":128,"column":12},"end":{"line":128,"column":35}},"49":{"start":{"line":129,"column":25},"end":{"line":129,"column":41}},"50":{"start":{"line":130,"column":12},"end":{"line":130,"column":53}},"51":{"start":{"line":130,"column":44},"end":{"line":130,"column":51}},"52":{"start":{"line":131,"column":12},"end":{"line":131,"column":66}},"53":{"start":{"line":131,"column":57},"end":{"line":131,"column":64}},"54":{"start":{"line":132,"column":12},"end":{"line":132,"column":39}},"55":{"start":{"line":139,"column":12},"end":{"line":139,"column":39}},"56":{"start":{"line":140,"column":12},"end":{"line":140,"column":65}},"57":{"start":{"line":141,"column":12},"end":{"line":141,"column":67}},"58":{"start":{"line":142,"column":12},"end":{"line":142,"column":61}}},"fnMap":{"0":{"name":"init","decl":{"start":{"line":8,"column":9},"end":{"line":8,"column":13}},"loc":{"start":{"line":8,"column":16},"end":{"line":149,"column":1}},"line":8},"1":{"name":"initHome","decl":{"start":{"line":15,"column":13},"end":{"line":15,"column":21}},"loc":{"start":{"line":15,"column":24},"end":{"line":51,"column":5}},"line":15},"2":{"name":"swapToCreate","decl":{"start":{"line":31,"column":17},"end":{"line":31,"column":29}},"loc":{"start":{"line":31,"column":32},"end":{"line":34,"column":9}},"line":31},"3":{"name":"swapToExisting","decl":{"start":{"line":39,"column":17},"end":{"line":39,"column":31}},"loc":{"start":{"line":39,"column":34},"end":{"line":42,"column":9}},"line":39},"4":{"name":"clearEvents","decl":{"start":{"line":47,"column":17},"end":{"line":47,"column":28}},"loc":{"start":{"line":47,"column":31},"end":{"line":50,"column":9}},"line":47},"5":{"name":"initCreate","decl":{"start":{"line":56,"column":13},"end":{"line":56,"column":23}},"loc":{"start":{"line":56,"column":26},"end":{"line":144,"column":5}},"line":56},"6":{"name":"swapToHome","decl":{"start":{"line":88,"column":17},"end":{"line":88,"column":27}},"loc":{"start":{"line":88,"column":30},"end":{"line":92,"column":9}},"line":88},"7":{"name":"validateCard","decl":{"start":{"line":98,"column":17},"end":{"line":98,"column":29}},"loc":{"start":{"line":98,"column":37},"end":{"line":120,"column":9}},"line":98},"8":{"name":"validateName","decl":{"start":{"line":127,"column":17},"end":{"line":127,"column":29}},"loc":{"start":{"line":127,"column":37},"end":{"line":133,"column":9}},"line":127},"9":{"name":"clearEvents","decl":{"start":{"line":138,"column":17},"end":{"line":138,"column":28}},"loc":{"start":{"line":138,"column":31},"end":{"line":143,"column":9}},"line":138},"10":{"name":"initExisting","decl":{"start":{"line":146,"column":13},"end":{"line":146,"column":25}},"loc":{"start":{"line":146,"column":28},"end":{"line":148,"column":5}},"line":146}},"branchMap":{"0":{"loc":{"start":{"line":107,"column":12},"end":{"line":119,"column":13}},"type":"if","locations":[{"start":{"line":107,"column":12},"end":{"line":119,"column":13}},{"start":{},"end":{}}],"line":107},"1":{"loc":{"start":{"line":110,"column":16},"end":{"line":118,"column":17}},"type":"if","locations":[{"start":{"line":110,"column":16},"end":{"line":118,"column":17}},{"start":{},"end":{}}],"line":110},"2":{"loc":{"start":{"line":130,"column":12},"end":{"line":130,"column":53}},"type":"if","locations":[{"start":{"line":130,"column":12},"end":{"line":130,"column":53}},{"start":{},"end":{}}],"line":130},"3":{"loc":{"start":{"line":131,"column":12},"end":{"line":131,"column":66}},"type":"if","locations":[{"start":{"line":131,"column":12},"end":{"line":131,"column":66}},{"start":{},"end":{}}],"line":131},"4":{"loc":{"start":{"line":131,"column":16},"end":{"line":131,"column":53}},"type":"binary-expr","locations":[{"start":{"line":131,"column":16},"end":{"line":131,"column":33}},{"start":{"line":131,"column":37},"end":{"line":131,"column":53}}],"line":131}},"s":{"0":0,"1":0,"2":0,"3":0,"4":0,"5":0,"6":0,"7":0,"8":0,"9":0,"10":0,"11":0,"12":0,"13":0,"14":0,"15":0,"16":0,"17":0,"18":0,"19":0,"20":0,"21":0,"22":0,"23":0,"24":0,"25":0,"26":0,"27":0,"28":0,"29":0,"30":0,"31":0,"32":0,"33":0,"34":0,"35":0,"36":0,"37":0,"38":0,"39":0,"40":0,"41":0,"42":0,"43":0,"44":0,"45":0,"46":0,"47":0,"48":0,"49":0,"50":0,"51":0,"52":0,"53":0,"54":0,"55":0,"56":0,"57":0,"58":0},"f":{"0":0,"1":0,"2":0,"3":0,"4":0,"5":0,"6":0,"7":0,"8":0,"9":0,"10":0},"b":{"0":[0,0],"1":[0,0],"2":[0,0],"3":[0,0],"4":[0,0]},"inputSourceMap":null}
,"/home/alexpan5/tmp/Flashcard-Project/scripts/script.js": {"path":"/home/alexpan5/tmp/Flashcard-Project/scripts/script.js","statementMap":{"0":{"start":{"line":3,"column":0},"end":{"line":3,"column":50}},"1":{"start":{"line":6,"column":15},"end":{"line":6,"column":64}},"2":{"start":{"line":7,"column":15},"end":{"line":7,"column":64}},"3":{"start":{"line":8,"column":16},"end":{"line":8,"column":27}},"4":{"start":{"line":9,"column":4},"end":{"line":9,"column":69}},"5":{"start":{"line":13,"column":22},"end":{"line":13,"column":59}},"6":{"start":{"line":15,"column":4},"end":{"line":17,"column":6}},"7":{"start":{"line":16,"column":8},"end":{"line":16,"column":21}}},"fnMap":{"0":{"name":"addNumbers","decl":{"start":{"line":5,"column":9},"end":{"line":5,"column":19}},"loc":{"start":{"line":5,"column":22},"end":{"line":10,"column":1}},"line":5},"1":{"name":"init","decl":{"start":{"line":12,"column":9},"end":{"line":12,"column":13}},"loc":{"start":{"line":12,"column":16},"end":{"line":18,"column":1}},"line":12},"2":{"name":"(anonymous_2)","decl":{"start":{"line":15,"column":40},"end":{"line":15,"column":41}},"loc":{"start":{"line":15,"column":46},"end":{"line":17,"column":5}},"line":15}},"branchMap":{},"s":{"0":0,"1":0,"2":0,"3":0,"4":0,"5":0,"6":0,"7":0},"f":{"0":0,"1":0,"2":0},"b":{},"inputSourceMap":null}
,"/home/alexpan5/tmp/Flashcard-Project/scripts/components/CardPreview.js": {"path":"/home/alexpan5/tmp/Flashcard-Project/scripts/components/CardPreview.js","statementMap":{"0":{"start":{"line":3,"column":8},"end":{"line":3,"column":16}},"1":{"start":{"line":7,"column":23},"end":{"line":7,"column":58}},"2":{"start":{"line":8,"column":26},"end":{"line":8,"column":62}},"3":{"start":{"line":9,"column":25},"end":{"line":9,"column":60}},"4":{"start":{"line":10,"column":8},"end":{"line":14,"column":10}},"5":{"start":{"line":18,"column":8},"end":{"line":18,"column":31}},"6":{"start":{"line":22,"column":0},"end":{"line":22,"column":51}}},"fnMap":{"0":{"name":"(anonymous_0)","decl":{"start":{"line":2,"column":4},"end":{"line":2,"column":5}},"loc":{"start":{"line":2,"column":18},"end":{"line":4,"column":5}},"line":2},"1":{"name":"(anonymous_1)","decl":{"start":{"line":6,"column":4},"end":{"line":6,"column":5}},"loc":{"start":{"line":6,"column":24},"end":{"line":15,"column":5}},"line":6},"2":{"name":"(anonymous_2)","decl":{"start":{"line":17,"column":4},"end":{"line":17,"column":5}},"loc":{"start":{"line":17,"column":27},"end":{"line":19,"column":5}},"line":17}},"branchMap":{},"s":{"0":0,"1":0,"2":0,"3":0,"4":0,"5":0,"6":0},"f":{"0":0,"1":0,"2":0},"b":{},"inputSourceMap":null}
,"/home/alexpan5/tmp/Flashcard-Project/scripts/screens/CreateScreen.js": {"path":"/home/alexpan5/tmp/Flashcard-Project/scripts/screens/CreateScreen.js","statementMap":{"0":{"start":{"line":3,"column":8},"end":{"line":3,"column":16}},"1":{"start":{"line":7,"column":8},"end":{"line":38,"column":10}},"2":{"start":{"line":42,"column":8},"end":{"line":42,"column":31}},"3":{"start":{"line":46,"column":0},"end":{"line":46,"column":53}}},"fnMap":{"0":{"name":"(anonymous_0)","decl":{"start":{"line":2,"column":4},"end":{"line":2,"column":5}},"loc":{"start":{"line":2,"column":18},"end":{"line":4,"column":5}},"line":2},"1":{"name":"(anonymous_1)","decl":{"start":{"line":6,"column":4},"end":{"line":6,"column":5}},"loc":{"start":{"line":6,"column":24},"end":{"line":39,"column":5}},"line":6},"2":{"name":"(anonymous_2)","decl":{"start":{"line":41,"column":4},"end":{"line":41,"column":5}},"loc":{"start":{"line":41,"column":27},"end":{"line":43,"column":5}},"line":41}},"branchMap":{},"s":{"0":0,"1":0,"2":0,"3":0},"f":{"0":0,"1":0,"2":0},"b":{},"inputSourceMap":null}
,"/home/alexpan5/tmp/Flashcard-Project/scripts/screens/HomeScreen.js": {"path":"/home/alexpan5/tmp/Flashcard-Project/scripts/screens/HomeScreen.js","statementMap":{"0":{"start":{"line":3,"column":8},"end":{"line":3,"column":16}},"1":{"start":{"line":7,"column":8},"end":{"line":19,"column":10}},"2":{"start":{"line":23,"column":8},"end":{"line":23,"column":31}},"3":{"start":{"line":27,"column":0},"end":{"line":27,"column":49}}},"fnMap":{"0":{"name":"(anonymous_0)","decl":{"start":{"line":2,"column":4},"end":{"line":2,"column":5}},"loc":{"start":{"line":2,"column":18},"end":{"line":4,"column":5}},"line":2},"1":{"name":"(anonymous_1)","decl":{"start":{"line":6,"column":4},"end":{"line":6,"column":5}},"loc":{"start":{"line":6,"column":24},"end":{"line":20,"column":5}},"line":6},"2":{"name":"(anonymous_2)","decl":{"start":{"line":22,"column":4},"end":{"line":22,"column":5}},"loc":{"start":{"line":22,"column":27},"end":{"line":24,"column":5}},"line":22}},"branchMap":{},"s":{"0":0,"1":0,"2":0,"3":0},"f":{"0":0,"1":0,"2":0},"b":{},"inputSourceMap":null}
}
